<?xml version="1.0" encoding="UTF-8"?>
<!-- Generated by org.testng.reporters.JUnitReportReporter -->
<testsuite hostname="WINDOWS" failures="0" tests="1" name="pageObjectModelTest.NewTest" time="0.009" errors="0" timestamp="10 Apr 2023 21:36:22 GMT">
  <testcase classname="pageObjectModelTest.NewTest" name="firstfunction" time="0.009"/>
</testsuite> <!-- pageObjectModelTest.NewTest -->
