<?xml version="1.0" encoding="UTF-8"?>
<!-- Generated by org.testng.reporters.JUnitReportReporter -->
<testsuite hostname="WINDOWS" failures="0" tests="2" name="pageObjectModelTest.LaunchOrangeHire" time="9.018" errors="0" timestamp="13 Apr 2023 17:31:22 GMT">
  <testcase classname="pageObjectModelTest.LaunchOrangeHire" name="launchUserInfo" time="1.444"/>
  <testcase classname="pageObjectModelTest.LaunchOrangeHire" name="navigateToMyInfoTab" time="7.574"/>
</testsuite> <!-- pageObjectModelTest.LaunchOrangeHire -->
