<?xml version="1.0" encoding="UTF-8"?>
<!-- Generated by org.testng.reporters.JUnitReportReporter -->
<testsuite hostname="WINDOWS" failures="0" tests="2" name="pageObjectModelTest.NumpyTestng1" time="0.014" errors="0" timestamp="5 Apr 2023 23:50:27 GMT">
  <testcase classname="pageObjectModelTest.NumpyTestng1" name="testMethod" time="0.004"/>
  <testcase classname="pageObjectModelTest.NumpyTestng1" name="testMethod" time="0.010"/>
</testsuite> <!-- pageObjectModelTest.NumpyTestng1 -->
