<?xml version="1.0" encoding="UTF-8"?>
<!-- Generated by org.testng.reporters.JUnitReportReporter -->
<testsuite hostname="WINDOWS" failures="0" tests="2" name="pageObjectModelTest.ParelleTesting" time="10.712" errors="0" timestamp="10 Apr 2023 21:36:22 GMT">
  <testcase classname="pageObjectModelTest.ParelleTesting" name="testFirefox" time="6.086"/>
  <testcase classname="pageObjectModelTest.ParelleTesting" name="testChrome" time="4.626"/>
</testsuite> <!-- pageObjectModelTest.ParelleTesting -->
